[    26.459] (WW) Failed to open protocol names file lib/xorg/protocol.txt
[    26.460] 
X.Org X Server 1.20.10
X Protocol Version 11, Revision 0
[    26.460] Build Operating System: Linux Arch Linux
[    26.461] Current Operating System: Linux dizzy 5.10.6-gnu-1 #1 SMP PREEMPT Tue, 12 Jan 2021 19:06:19 +0000 x86_64
[    26.461] Kernel command line: BOOT_IMAGE=/vmlinuz-linux-libre root=UUID=6f02e0ac-9c22-4fd7-ad0b-95e8d1bfe68d rw mem_sleep_default=deep
[    26.461] Build Date: 14 December 2020  12:10:29PM
[    26.461]  
[    26.461] Current version of pixman: 0.40.0
[    26.461] 	Before reporting problems, check http://wiki.x.org
	to make sure that you have the latest version.
[    26.461] Markers: (--) probed, (**) from config file, (==) default setting,
	(++) from command line, (!!) notice, (II) informational,
	(WW) warning, (EE) error, (NI) not implemented, (??) unknown.
[    26.462] (==) Log file: "/home/andrew/.local/share/xorg/Xorg.0.log", Time: Fri Jan 22 13:01:51 2021
[    26.466] (==) Using config directory: "/etc/X11/xorg.conf.d"
[    26.466] (==) Using system config directory "/usr/share/X11/xorg.conf.d"
[    26.467] (==) No Layout section.  Using the first Screen section.
[    26.467] (==) No screen section available. Using defaults.
[    26.467] (**) |-->Screen "Default Screen Section" (0)
[    26.467] (**) |   |-->Monitor "<default monitor>"
[    26.467] (==) No monitor specified for screen "Default Screen Section".
	Using a default monitor configuration.
[    26.467] (==) Automatically adding devices
[    26.467] (==) Automatically enabling devices
[    26.467] (==) Automatically adding GPU devices
[    26.467] (==) Automatically binding GPU devices
[    26.467] (==) Max clients allowed: 256, resource mask: 0x1fffff
[    26.470] (WW) The directory "/usr/share/fonts/Type1" does not exist.
[    26.470] 	Entry deleted from font path.
[    26.470] (WW) The directory "/usr/share/fonts/100dpi" does not exist.
[    26.470] 	Entry deleted from font path.
[    26.470] (WW) The directory "/usr/share/fonts/75dpi" does not exist.
[    26.470] 	Entry deleted from font path.
[    26.470] (==) FontPath set to:
	/usr/share/fonts/misc,
	/usr/share/fonts/TTF,
	/usr/share/fonts/OTF
[    26.470] (==) ModulePath set to "/usr/lib/xorg/modules"
[    26.470] (II) The server relies on udev to provide the list of input devices.
	If no devices become available, reconfigure udev or disable AutoAddDevices.
[    26.470] (II) Module ABI versions:
[    26.470] 	X.Org ANSI C Emulation: 0.4
[    26.470] 	X.Org Video Driver: 24.1
[    26.470] 	X.Org XInput driver : 24.1
[    26.470] 	X.Org Server Extension : 10.0
[    26.472] (++) using VT number 1

[    26.476] (II) systemd-logind: took control of session /org/freedesktop/login1/session/_31
[    26.477] (II) xfree86: Adding drm device (/dev/dri/card1)
[    26.478] (II) systemd-logind: got fd for /dev/dri/card1 226:1 fd 10 paused 0
[    26.478] (II) xfree86: Adding drm device (/dev/dri/card0)
[    26.479] (II) systemd-logind: got fd for /dev/dri/card0 226:0 fd 11 paused 0
[    26.484] (--) PCI:*(0@0:2:0) 8086:3ea0:1028:08a7 rev 2, Mem @ 0xa4000000/16777216, 0x80000000/268435456, I/O @ 0x00005000/64, BIOS @ 0x????????/131072
[    26.485] (--) PCI: (2@0:0:0) 10de:174d:1028:08a7 rev 162, Mem @ 0xa2000000/16777216, 0x90000000/268435456, 0xa0000000/33554432, I/O @ 0x00004000/128, BIOS @ 0x????????/524288
[    26.485] (WW) Open ACPI failed (/var/run/acpid.socket) (No such file or directory)
[    26.485] (II) LoadModule: "glx"
[    26.488] (II) Loading /usr/lib/xorg/modules/extensions/libglx.so
[    26.497] (II) Module glx: vendor="X.Org Foundation"
[    26.497] 	compiled for 1.20.10, module version = 1.0.0
[    26.497] 	ABI class: X.Org Server Extension, version 10.0
[    26.497] (==) Matched intel as autoconfigured driver 0
[    26.497] (==) Matched nouveau as autoconfigured driver 1
[    26.497] (==) Matched nv as autoconfigured driver 2
[    26.497] (==) Matched modesetting as autoconfigured driver 3
[    26.497] (==) Matched fbdev as autoconfigured driver 4
[    26.497] (==) Matched vesa as autoconfigured driver 5
[    26.497] (==) Assigned the driver to the xf86ConfigLayout
[    26.497] (II) LoadModule: "intel"
[    26.498] (II) Loading /usr/lib/xorg/modules/drivers/intel_drv.so
[    26.501] (II) Module intel: vendor="X.Org Foundation"
[    26.501] 	compiled for 1.20.10, module version = 2.99.917
[    26.501] 	Module class: X.Org Video Driver
[    26.501] 	ABI class: X.Org Video Driver, version 24.1
[    26.501] (II) LoadModule: "nouveau"
[    26.501] (II) Loading /usr/lib/xorg/modules/drivers/nouveau_drv.so
[    26.503] (II) Module nouveau: vendor="X.Org Foundation"
[    26.503] 	compiled for 1.20.8, module version = 1.0.16
[    26.503] 	Module class: X.Org Video Driver
[    26.503] 	ABI class: X.Org Video Driver, version 24.1
[    26.503] (II) LoadModule: "nv"
[    26.504] (WW) Warning, couldn't open module nv
[    26.504] (EE) Failed to load module "nv" (module does not exist, 0)
[    26.504] (II) LoadModule: "modesetting"
[    26.504] (II) Loading /usr/lib/xorg/modules/drivers/modesetting_drv.so
[    26.507] (II) Module modesetting: vendor="X.Org Foundation"
[    26.507] 	compiled for 1.20.10, module version = 1.20.10
[    26.507] 	Module class: X.Org Video Driver
[    26.507] 	ABI class: X.Org Video Driver, version 24.1
[    26.507] (II) LoadModule: "fbdev"
[    26.507] (WW) Warning, couldn't open module fbdev
[    26.508] (EE) Failed to load module "fbdev" (module does not exist, 0)
[    26.508] (II) LoadModule: "vesa"
[    26.508] (II) Loading /usr/lib/xorg/modules/drivers/vesa_drv.so
[    26.509] (II) Module vesa: vendor="X.Org Foundation"
[    26.509] 	compiled for 1.20.9, module version = 2.5.0
[    26.509] 	Module class: X.Org Video Driver
[    26.509] 	ABI class: X.Org Video Driver, version 24.1
[    26.509] (II) intel: Driver for Intel(R) Integrated Graphics Chipsets:
	i810, i810-dc100, i810e, i815, i830M, 845G, 854, 852GM/855GM, 865G,
	915G, E7221 (i915), 915GM, 945G, 945GM, 945GME, Pineview GM,
	Pineview G, 965G, G35, 965Q, 946GZ, 965GM, 965GME/GLE, G33, Q35, Q33,
	GM45, 4 Series, G45/G43, Q45/Q43, G41, B43
[    26.509] (II) intel: Driver for Intel(R) HD Graphics
[    26.509] (II) intel: Driver for Intel(R) Iris(TM) Graphics
[    26.509] (II) intel: Driver for Intel(R) Iris(TM) Pro Graphics
[    26.509] (II) NOUVEAU driver 
[    26.509] (II) NOUVEAU driver for NVIDIA chipset families :
[    26.509] 	RIVA TNT            (NV04)
[    26.510] 	RIVA TNT2           (NV05)
[    26.510] 	GeForce 256         (NV10)
[    26.510] 	GeForce 2           (NV11, NV15)
[    26.510] 	GeForce 4MX         (NV17, NV18)
[    26.510] 	GeForce 3           (NV20)
[    26.510] 	GeForce 4Ti         (NV25, NV28)
[    26.510] 	GeForce FX          (NV3x)
[    26.510] 	GeForce 6           (NV4x)
[    26.510] 	GeForce 7           (G7x)
[    26.510] 	GeForce 8           (G8x)
[    26.510] 	GeForce 9           (G9x)
[    26.510] 	GeForce GTX 2xx/3xx (GT2xx)
[    26.510] 	GeForce GTX 4xx/5xx (GFxxx)
[    26.510] 	GeForce GTX 6xx/7xx (GKxxx)
[    26.510] 	GeForce GTX 9xx     (GMxxx)
[    26.510] 	GeForce GTX 10xx    (GPxxx)
[    26.510] (II) modesetting: Driver for Modesetting Kernel Drivers: kms
[    26.510] (II) VESA: driver for VESA chipsets: vesa
[    26.510] xf86EnableIOPorts: failed to set IOPL for I/O (Operation not permitted)
[    26.511] (II) intel(0): Using Kernel Mode Setting driver: i915, version 1.6.0 20200917
[    26.511] (II) intel(0): SNA compiled from 2.99.917-916-g31486f40
[    26.527] (WW) Falling back to old probe method for modesetting
[    26.528] (II) [drm] nouveau interface version: 1.3.1
[    26.528] (WW) VGA arbiter: cannot open kernel arbiter, no multi-card support
[    26.529] (--) intel(0): Integrated Graphics Chipset: Intel(R) HD Graphics
[    26.529] (--) intel(0): CPU: x86-64, sse2, sse3, ssse3, sse4.1, sse4.2, avx, avx2; using a maximum of 4 threads
[    26.529] (II) intel(0): Creating default Display subsection in Screen section
	"Default Screen Section" for depth/fbbpp 24/32
[    26.529] (==) intel(0): Depth 24, (--) framebuffer bpp 32
[    26.529] (==) intel(0): RGB weight 888
[    26.529] (==) intel(0): Default visual is TrueColor
[    26.531] (II) intel(0): Output eDP1 has no monitor section
[    26.532] (**) intel(0): Found backlight control interface intel_backlight (type 'raw') for output eDP1
[    26.532] (II) intel(0): Enabled output eDP1
[    26.532] (II) intel(0): Output HDMI1 has no monitor section
[    26.532] (II) intel(0): Enabled output HDMI1
[    26.532] (II) intel(0): Output DP1 has no monitor section
[    26.532] (II) intel(0): Enabled output DP1
[    26.532] (II) intel(0): Output HDMI2 has no monitor section
[    26.533] (II) intel(0): Enabled output HDMI2
[    26.533] (--) intel(0): Using a maximum size of 256x256 for hardware cursors
[    26.533] (II) intel(0): Output VIRTUAL1 has no monitor section
[    26.533] (II) intel(0): Enabled output VIRTUAL1
[    26.533] (--) intel(0): Output eDP1 using initial mode 1920x1080 on pipe 0
[    26.534] (==) intel(0): TearFree enabled
[    26.534] (==) intel(0): Using gamma correction (1.0, 1.0, 1.0)
[    26.534] (==) intel(0): DPI set to (96, 96)
[    26.534] (II) Loading sub module "dri3"
[    26.534] (II) LoadModule: "dri3"
[    26.534] (II) Module "dri3" already built-in
[    26.534] (II) Loading sub module "dri2"
[    26.534] (II) LoadModule: "dri2"
[    26.534] (II) Module "dri2" already built-in
[    26.534] (II) Loading sub module "present"
[    26.534] (II) LoadModule: "present"
[    26.534] (II) Module "present" already built-in
[    26.534] (II) Loading sub module "dri2"
[    26.534] (II) LoadModule: "dri2"
[    26.534] (II) Module "dri2" already built-in
[    26.534] (--) NOUVEAU(G0): Chipset: "NVIDIA NV118"
[    26.534] (==) NOUVEAU(G0): Depth 24, (--) framebuffer bpp 32
[    26.534] (==) NOUVEAU(G0): RGB weight 888
[    26.534] (==) NOUVEAU(G0): Default visual is TrueColor
[    26.534] (==) NOUVEAU(G0): Using HW cursor
[    26.534] (==) NOUVEAU(G0): Allowed maximum DRI level 2.
[    26.534] (==) NOUVEAU(G0): GLX sync to VBlank enabled.
[    26.534] (==) NOUVEAU(G0): Page flipping enabled
[    26.534] (==) NOUVEAU(G0): Swap limit set to 1 [Max allowed 2]
[    26.534] (==) NOUVEAU(G0): Page flipping synced to vblank by kernel.
[    26.534] (==) NOUVEAU(G0): Using gamma correction (1.0, 1.0, 1.0)
[    26.534] (II) NOUVEAU(G0): Virtual size is 1024x768 (pitch 0)
[    26.534] (**) NOUVEAU(G0):  Mode "1920x1080": 173.0 MHz (scaled from 0.0 MHz), 67.2 kHz, 60.0 Hz
[    26.534] (II) NOUVEAU(G0): Modeline "1920x1080"x60.0  173.00  1920 2048 2248 2576  1080 1083 1088 1120 -hsync +vsync (67.2 kHz)
[    26.534] (==) NOUVEAU(G0): DPI set to (96, 96)
[    26.534] (II) Loading sub module "fb"
[    26.534] (II) LoadModule: "fb"
[    26.535] (II) Loading /usr/lib/xorg/modules/libfb.so
[    26.535] (II) Module fb: vendor="X.Org Foundation"
[    26.535] 	compiled for 1.20.10, module version = 1.0.0
[    26.535] 	ABI class: X.Org ANSI C Emulation, version 0.4
[    26.535] (II) Loading sub module "shadowfb"
[    26.535] (II) LoadModule: "shadowfb"
[    26.536] (II) Loading /usr/lib/xorg/modules/libshadowfb.so
[    26.536] (II) Module shadowfb: vendor="X.Org Foundation"
[    26.536] 	compiled for 1.20.10, module version = 1.0.0
[    26.536] 	ABI class: X.Org ANSI C Emulation, version 0.4
[    26.536] (II) UnloadModule: "modesetting"
[    26.536] (II) Unloading modesetting
[    26.536] (II) UnloadModule: "vesa"
[    26.536] (II) Unloading vesa
[    26.539] (II) intel(0): SNA initialized with Coffeelake (gen9) backend
[    26.539] (==) intel(0): Backing store enabled
[    26.539] (==) intel(0): Silken mouse disabled
[    26.539] (II) intel(0): HW Cursor enabled
[    26.540] (==) intel(0): DPMS enabled
[    26.541] (==) intel(0): Display hotplug detection enabled
[    26.541] (II) intel(0): [DRI2] Setup complete
[    26.541] (II) intel(0): [DRI2]   DRI driver: i965
[    26.541] (II) intel(0): [DRI2]   VDPAU driver: va_gl
[    26.541] (II) intel(0): direct rendering: DRI2 DRI3 enabled
[    26.541] (II) intel(0): hardware support for Present enabled
[    26.584] (II) NOUVEAU(G0): Channel setup complete.
[    26.585] (II) NOUVEAU(G0): [COPY] async initialised.
[    26.585] (II) NOUVEAU(G0): Hardware support for Present enabled
[    26.585] (II) NOUVEAU(G0): [DRI2] Setup complete
[    26.585] (II) NOUVEAU(G0): [DRI2]   DRI driver: nouveau
[    26.585] (II) NOUVEAU(G0): [DRI2]   VDPAU driver: nouveau
[    26.585] (II) Loading sub module "exa"
[    26.585] (II) LoadModule: "exa"
[    26.585] (II) Loading /usr/lib/xorg/modules/libexa.so
[    26.586] (II) Module exa: vendor="X.Org Foundation"
[    26.586] 	compiled for 1.20.10, module version = 2.6.0
[    26.586] 	ABI class: X.Org Video Driver, version 24.1
[    26.586] (II) EXA(256): Driver allocated offscreen pixmaps
[    26.586] (II) EXA(256): Driver registered support for the following operations:
[    26.586] (II)         Solid
[    26.586] (II)         Copy
[    26.586] (II)         Composite (RENDER acceleration)
[    26.586] (II)         UploadToScreen
[    26.586] (II)         DownloadFromScreen
[    26.586] (==) NOUVEAU(G0): Backing store enabled
[    26.586] (==) NOUVEAU(G0): Silken mouse disabled
[    26.586] (II) NOUVEAU(G0): [XvMC] Associated with Nouveau GeForce 8/9 Textured Video.
[    26.586] (II) NOUVEAU(G0): [XvMC] Extension initialized.
[    26.587] (==) NOUVEAU(G0): DPMS enabled
[    26.587] (II) Initializing extension Generic Event Extension
[    26.587] (II) Initializing extension SHAPE
[    26.587] (II) Initializing extension MIT-SHM
[    26.587] (II) Initializing extension XInputExtension
[    26.587] (II) Initializing extension XTEST
[    26.587] (II) Initializing extension BIG-REQUESTS
[    26.587] (II) Initializing extension SYNC
[    26.587] (II) Initializing extension XKEYBOARD
[    26.587] (II) Initializing extension XC-MISC
[    26.587] (II) Initializing extension SECURITY
[    26.587] (II) Initializing extension XFIXES
[    26.587] (II) Initializing extension RENDER
[    26.587] (II) Initializing extension RANDR
[    26.587] (II) Initializing extension COMPOSITE
[    26.587] (II) Initializing extension DAMAGE
[    26.587] (II) Initializing extension MIT-SCREEN-SAVER
[    26.587] (II) Initializing extension DOUBLE-BUFFER
[    26.587] (II) Initializing extension RECORD
[    26.587] (II) Initializing extension DPMS
[    26.587] (II) Initializing extension Present
[    26.588] (II) Initializing extension DRI3
[    26.588] (II) Initializing extension X-Resource
[    26.588] (II) Initializing extension XVideo
[    26.588] (II) Initializing extension XVideo-MotionCompensation
[    26.588] (II) Initializing extension GLX
[    26.633] (II) AIGLX: Loaded and initialized i965
[    26.633] (II) GLX: Initialized DRI2 GL provider for screen 0
[    26.633] (II) Initializing extension XFree86-VidModeExtension
[    26.633] (II) Initializing extension XFree86-DGA
[    26.633] (II) Initializing extension XFree86-DRI
[    26.633] (II) Initializing extension DRI2
[    26.634] (II) NOUVEAU(G0): NVEnterVT is called.
[    26.644] (II) intel(0): switch to mode 1920x1080@60.0 on eDP1 using pipe 0, position (0, 0), rotation normal, reflection none
[    26.650] (II) intel(0): Setting screen physical size to 508 x 285
[    26.736] (II) config/udev: Adding input device Video Bus (/dev/input/event9)
[    26.736] (**) Video Bus: Applying InputClass "libinput keyboard catchall"
[    26.736] (**) Video Bus: Applying InputClass "system-keyboard"
[    26.736] (II) LoadModule: "libinput"
[    26.736] (II) Loading /usr/lib/xorg/modules/input/libinput_drv.so
[    26.742] (II) Module libinput: vendor="X.Org Foundation"
[    26.742] 	compiled for 1.20.8, module version = 0.30.0
[    26.742] 	Module class: X.Org XInput Driver
[    26.742] 	ABI class: X.Org XInput driver, version 24.1
[    26.742] (II) Using input driver 'libinput' for 'Video Bus'
[    26.743] (II) systemd-logind: got fd for /dev/input/event9 13:73 fd 17 paused 0
[    26.743] (**) Video Bus: always reports core events
[    26.743] (**) Option "Device" "/dev/input/event9"
[    26.743] (**) Option "_source" "server/udev"
[    26.752] (II) event9  - Video Bus: is tagged by udev as: Keyboard
[    26.752] (II) event9  - Video Bus: device is a keyboard
[    26.752] (II) event9  - Video Bus: device removed
[    26.752] (**) Option "config_info" "udev:/sys/devices/LNXSYSTM:00/LNXSYBUS:00/PNP0A08:00/LNXVIDEO:00/input/input11/event9"
[    26.752] (II) XINPUT: Adding extended input device "Video Bus" (type: KEYBOARD, id 6)
[    26.752] (**) Option "xkb_layout" "us,ru"
[    26.752] (**) Option "xkb_options" "grp:ctrl_shift_toggle"
[    26.818] (II) event9  - Video Bus: is tagged by udev as: Keyboard
[    26.818] (II) event9  - Video Bus: device is a keyboard
[    26.819] (II) config/udev: Adding input device Video Bus (/dev/input/event10)
[    26.819] (**) Video Bus: Applying InputClass "libinput keyboard catchall"
[    26.819] (**) Video Bus: Applying InputClass "system-keyboard"
[    26.819] (II) Using input driver 'libinput' for 'Video Bus'
[    26.821] (II) systemd-logind: got fd for /dev/input/event10 13:74 fd 20 paused 0
[    26.821] (**) Video Bus: always reports core events
[    26.821] (**) Option "Device" "/dev/input/event10"
[    26.821] (**) Option "_source" "server/udev"
[    26.822] (II) event10 - Video Bus: is tagged by udev as: Keyboard
[    26.822] (II) event10 - Video Bus: device is a keyboard
[    26.823] (II) event10 - Video Bus: device removed
[    26.823] (**) Option "config_info" "udev:/sys/devices/LNXSYSTM:00/LNXSYBUS:00/PNP0A08:00/device:2a/LNXVIDEO:01/input/input12/event10"
[    26.823] (II) XINPUT: Adding extended input device "Video Bus" (type: KEYBOARD, id 7)
[    26.823] (**) Option "xkb_layout" "us,ru"
[    26.823] (**) Option "xkb_options" "grp:ctrl_shift_toggle"
[    26.825] (II) event10 - Video Bus: is tagged by udev as: Keyboard
[    26.825] (II) event10 - Video Bus: device is a keyboard
[    26.826] (II) config/udev: Adding input device Power Button (/dev/input/event1)
[    26.826] (**) Power Button: Applying InputClass "libinput keyboard catchall"
[    26.826] (**) Power Button: Applying InputClass "system-keyboard"
[    26.826] (II) Using input driver 'libinput' for 'Power Button'
[    26.827] (II) systemd-logind: got fd for /dev/input/event1 13:65 fd 21 paused 0
[    26.827] (**) Power Button: always reports core events
[    26.827] (**) Option "Device" "/dev/input/event1"
[    26.827] (**) Option "_source" "server/udev"
[    26.829] (II) event1  - Power Button: is tagged by udev as: Keyboard
[    26.829] (II) event1  - Power Button: device is a keyboard
[    26.829] (II) event1  - Power Button: device removed
[    26.829] (**) Option "config_info" "udev:/sys/devices/LNXSYSTM:00/LNXSYBUS:00/PNP0C0C:00/input/input1/event1"
[    26.829] (II) XINPUT: Adding extended input device "Power Button" (type: KEYBOARD, id 8)
[    26.829] (**) Option "xkb_layout" "us,ru"
[    26.829] (**) Option "xkb_options" "grp:ctrl_shift_toggle"
[    26.831] (II) event1  - Power Button: is tagged by udev as: Keyboard
[    26.831] (II) event1  - Power Button: device is a keyboard
[    26.832] (II) config/udev: Adding input device Lid Switch (/dev/input/event0)
[    26.832] (II) No input driver specified, ignoring this device.
[    26.832] (II) This device may have been added with another device file.
[    26.833] (II) config/udev: Adding input device Sleep Button (/dev/input/event2)
[    26.833] (**) Sleep Button: Applying InputClass "libinput keyboard catchall"
[    26.833] (**) Sleep Button: Applying InputClass "system-keyboard"
[    26.833] (II) Using input driver 'libinput' for 'Sleep Button'
[    26.834] (II) systemd-logind: got fd for /dev/input/event2 13:66 fd 22 paused 0
[    26.834] (**) Sleep Button: always reports core events
[    26.834] (**) Option "Device" "/dev/input/event2"
[    26.834] (**) Option "_source" "server/udev"
[    26.836] (II) event2  - Sleep Button: is tagged by udev as: Keyboard
[    26.836] (II) event2  - Sleep Button: device is a keyboard
[    26.836] (II) event2  - Sleep Button: device removed
[    26.836] (**) Option "config_info" "udev:/sys/devices/LNXSYSTM:00/LNXSYBUS:00/PNP0C0E:00/input/input2/event2"
[    26.836] (II) XINPUT: Adding extended input device "Sleep Button" (type: KEYBOARD, id 9)
[    26.836] (**) Option "xkb_layout" "us,ru"
[    26.836] (**) Option "xkb_options" "grp:ctrl_shift_toggle"
[    26.838] (II) event2  - Sleep Button: is tagged by udev as: Keyboard
[    26.838] (II) event2  - Sleep Button: device is a keyboard
[    26.840] (II) config/udev: Adding input device Logitech M185 (/dev/input/event19)
[    26.840] (**) Logitech M185: Applying InputClass "libinput pointer catchall"
[    26.840] (**) Logitech M185: Applying InputClass "libinput keyboard catchall"
[    26.840] (**) Logitech M185: Applying InputClass "system-keyboard"
[    26.840] (II) Using input driver 'libinput' for 'Logitech M185'
[    26.841] (II) systemd-logind: got fd for /dev/input/event19 13:83 fd 23 paused 0
[    26.841] (**) Logitech M185: always reports core events
[    26.841] (**) Option "Device" "/dev/input/event19"
[    26.841] (**) Option "_source" "server/udev"
[    26.843] (II) event19 - Logitech M185: is tagged by udev as: Keyboard Mouse
[    26.843] (II) event19 - Logitech M185: device set to 1000 DPI
[    26.843] (II) event19 - Logitech M185: device is a pointer
[    26.843] (II) event19 - Logitech M185: device is a keyboard
[    26.844] (II) event19 - Logitech M185: device removed
[    26.844] (II) libinput: Logitech M185: needs a virtual subdevice
[    26.844] (**) Option "config_info" "udev:/sys/devices/pci0000:00/0000:00:14.0/usb1/1-3/1-3:1.1/0003:046D:C52F.0003/0003:046D:4008.0004/input/input33/event19"
[    26.844] (II) XINPUT: Adding extended input device "Logitech M185" (type: MOUSE, id 10)
[    26.844] (**) Option "AccelerationScheme" "none"
[    26.844] (**) Logitech M185: (accel) selected scheme none/0
[    26.844] (**) Logitech M185: (accel) acceleration factor: 2.000
[    26.844] (**) Logitech M185: (accel) acceleration threshold: 4
[    26.846] (II) event19 - Logitech M185: is tagged by udev as: Keyboard Mouse
[    26.847] (II) event19 - Logitech M185: device set to 1000 DPI
[    26.847] (II) event19 - Logitech M185: device is a pointer
[    26.847] (II) event19 - Logitech M185: device is a keyboard
[    26.848] (II) config/udev: Adding input device Logitech M185 (/dev/input/mouse3)
[    26.848] (**) Logitech M185: Applying InputClass "system-keyboard"
[    26.848] (II) No input driver specified, ignoring this device.
[    26.848] (II) This device may have been added with another device file.
[    26.848] (II) config/udev: Adding input device Integrated_Webcam_HD: Integrate (/dev/input/event18)
[    26.848] (**) Integrated_Webcam_HD: Integrate: Applying InputClass "libinput keyboard catchall"
[    26.848] (**) Integrated_Webcam_HD: Integrate: Applying InputClass "system-keyboard"
[    26.848] (II) Using input driver 'libinput' for 'Integrated_Webcam_HD: Integrate'
[    26.849] (II) systemd-logind: got fd for /dev/input/event18 13:82 fd 24 paused 0
[    26.850] (**) Integrated_Webcam_HD: Integrate: always reports core events
[    26.850] (**) Option "Device" "/dev/input/event18"
[    26.850] (**) Option "_source" "server/udev"
[    26.851] (II) event18 - Integrated_Webcam_HD: Integrate: is tagged by udev as: Keyboard
[    26.852] (II) event18 - Integrated_Webcam_HD: Integrate: device is a keyboard
[    26.852] (II) event18 - Integrated_Webcam_HD: Integrate: device removed
[    26.852] (**) Option "config_info" "udev:/sys/devices/pci0000:00/0000:00:14.0/usb1/1-6/1-6:1.0/input/input27/event18"
[    26.852] (II) XINPUT: Adding extended input device "Integrated_Webcam_HD: Integrate" (type: KEYBOARD, id 11)
[    26.852] (**) Option "xkb_layout" "us,ru"
[    26.852] (**) Option "xkb_options" "grp:ctrl_shift_toggle"
[    26.854] (II) event18 - Integrated_Webcam_HD: Integrate: is tagged by udev as: Keyboard
[    26.855] (II) event18 - Integrated_Webcam_HD: Integrate: device is a keyboard
[    26.855] (II) config/udev: Adding input device DELL08A7:00 06CB:CCA6 Mouse (/dev/input/event16)
[    26.855] (**) DELL08A7:00 06CB:CCA6 Mouse: Applying InputClass "libinput pointer catchall"
[    26.855] (II) Using input driver 'libinput' for 'DELL08A7:00 06CB:CCA6 Mouse'
[    26.857] (II) systemd-logind: got fd for /dev/input/event16 13:80 fd 25 paused 0
[    26.857] (**) DELL08A7:00 06CB:CCA6 Mouse: always reports core events
[    26.857] (**) Option "Device" "/dev/input/event16"
[    26.857] (**) Option "_source" "server/udev"
[    26.859] (II) event16 - DELL08A7:00 06CB:CCA6 Mouse: is tagged by udev as: Mouse
[    26.859] (II) event16 - DELL08A7:00 06CB:CCA6 Mouse: device is a pointer
[    26.859] (II) event16 - DELL08A7:00 06CB:CCA6 Mouse: device removed
[    26.859] (**) Option "config_info" "udev:/sys/devices/pci0000:00/0000:00:15.0/i2c_designware.0/i2c-0/i2c-DELL08A7:00/0018:06CB:CCA6.0001/input/input20/event16"
[    26.859] (II) XINPUT: Adding extended input device "DELL08A7:00 06CB:CCA6 Mouse" (type: MOUSE, id 12)
[    26.860] (**) Option "AccelerationScheme" "none"
[    26.860] (**) DELL08A7:00 06CB:CCA6 Mouse: (accel) selected scheme none/0
[    26.860] (**) DELL08A7:00 06CB:CCA6 Mouse: (accel) acceleration factor: 2.000
[    26.860] (**) DELL08A7:00 06CB:CCA6 Mouse: (accel) acceleration threshold: 4
[    26.861] (II) event16 - DELL08A7:00 06CB:CCA6 Mouse: is tagged by udev as: Mouse
[    26.862] (II) event16 - DELL08A7:00 06CB:CCA6 Mouse: device is a pointer
[    26.863] (II) config/udev: Adding input device DELL08A7:00 06CB:CCA6 Mouse (/dev/input/mouse1)
[    26.863] (II) No input driver specified, ignoring this device.
[    26.863] (II) This device may have been added with another device file.
[    26.863] (II) config/udev: Adding input device DELL08A7:00 06CB:CCA6 Touchpad (/dev/input/event17)
[    26.863] (**) DELL08A7:00 06CB:CCA6 Touchpad: Applying InputClass "libinput touchpad catchall"
[    26.863] (**) DELL08A7:00 06CB:CCA6 Touchpad: Applying InputClass "touchpad"
[    26.863] (II) Using input driver 'libinput' for 'DELL08A7:00 06CB:CCA6 Touchpad'
[    26.865] (II) systemd-logind: got fd for /dev/input/event17 13:81 fd 26 paused 0
[    26.865] (**) DELL08A7:00 06CB:CCA6 Touchpad: always reports core events
[    26.865] (**) Option "Device" "/dev/input/event17"
[    26.865] (**) Option "_source" "server/udev"
[    26.867] (II) event17 - DELL08A7:00 06CB:CCA6 Touchpad: is tagged by udev as: Touchpad
[    26.869] (II) event17 - DELL08A7:00 06CB:CCA6 Touchpad: device is a touchpad
[    26.869] (II) event17 - DELL08A7:00 06CB:CCA6 Touchpad: device removed
[    26.869] (**) Option "Tapping" "on"
[    26.869] (**) Option "TappingButtonMap" "lrm"
[    26.869] (**) Option "AccelProfile" "adaptive"
[    26.869] (**) Option "config_info" "udev:/sys/devices/pci0000:00/0000:00:15.0/i2c_designware.0/i2c-0/i2c-DELL08A7:00/0018:06CB:CCA6.0001/input/input21/event17"
[    26.870] (II) XINPUT: Adding extended input device "DELL08A7:00 06CB:CCA6 Touchpad" (type: TOUCHPAD, id 13)
[    26.872] (**) Option "AccelerationScheme" "none"
[    26.872] (**) DELL08A7:00 06CB:CCA6 Touchpad: (accel) selected scheme none/0
[    26.872] (**) DELL08A7:00 06CB:CCA6 Touchpad: (accel) acceleration factor: 2.000
[    26.872] (**) DELL08A7:00 06CB:CCA6 Touchpad: (accel) acceleration threshold: 4
[    26.874] (II) event17 - DELL08A7:00 06CB:CCA6 Touchpad: is tagged by udev as: Touchpad
[    26.876] (II) event17 - DELL08A7:00 06CB:CCA6 Touchpad: device is a touchpad
[    26.877] (II) config/udev: Adding input device DELL08A7:00 06CB:CCA6 Touchpad (/dev/input/mouse2)
[    26.877] (**) DELL08A7:00 06CB:CCA6 Touchpad: Applying InputClass "touchpad"
[    26.877] (II) Using input driver 'libinput' for 'DELL08A7:00 06CB:CCA6 Touchpad'
[    26.877] (**) DELL08A7:00 06CB:CCA6 Touchpad: always reports core events
[    26.877] (**) Option "Device" "/dev/input/mouse2"
[    26.877] (**) Option "_source" "server/udev"
[    26.877] (EE) xf86OpenSerial: Cannot open device /dev/input/mouse2
	Permission denied.
[    26.877] (II) mouse2: opening input device '/dev/input/mouse2' failed (Permission denied).
[    26.877] (II) mouse2  - failed to create input device '/dev/input/mouse2'.
[    26.877] (EE) libinput: DELL08A7:00 06CB:CCA6 Touchpad: Failed to create a device for /dev/input/mouse2
[    26.877] (EE) PreInit returned 2 for "DELL08A7:00 06CB:CCA6 Touchpad"
[    26.877] (II) UnloadModule: "libinput"
[    26.878] (II) config/udev: Adding input device HDA Intel PCH Headphone Mic (/dev/input/event7)
[    26.878] (II) No input driver specified, ignoring this device.
[    26.878] (II) This device may have been added with another device file.
[    26.878] (II) config/udev: Adding input device HDA Intel PCH HDMI/DP,pcm=3 (/dev/input/event8)
[    26.878] (II) No input driver specified, ignoring this device.
[    26.878] (II) This device may have been added with another device file.
[    26.879] (II) config/udev: Adding input device HDA Intel PCH HDMI/DP,pcm=7 (/dev/input/event12)
[    26.879] (II) No input driver specified, ignoring this device.
[    26.879] (II) This device may have been added with another device file.
[    26.879] (II) config/udev: Adding input device HDA Intel PCH HDMI/DP,pcm=8 (/dev/input/event13)
[    26.879] (II) No input driver specified, ignoring this device.
[    26.879] (II) This device may have been added with another device file.
[    26.879] (II) config/udev: Adding input device HDA Intel PCH HDMI/DP,pcm=9 (/dev/input/event14)
[    26.880] (II) No input driver specified, ignoring this device.
[    26.880] (II) This device may have been added with another device file.
[    26.880] (II) config/udev: Adding input device HDA Intel PCH HDMI/DP,pcm=10 (/dev/input/event15)
[    26.880] (II) No input driver specified, ignoring this device.
[    26.880] (II) This device may have been added with another device file.
[    26.880] (II) config/udev: Adding input device Intel HID events (/dev/input/event5)
[    26.880] (**) Intel HID events: Applying InputClass "libinput keyboard catchall"
[    26.880] (**) Intel HID events: Applying InputClass "system-keyboard"
[    26.880] (II) Using input driver 'libinput' for 'Intel HID events'
[    26.882] (II) systemd-logind: got fd for /dev/input/event5 13:69 fd 27 paused 0
[    26.882] (**) Intel HID events: always reports core events
[    26.882] (**) Option "Device" "/dev/input/event5"
[    26.882] (**) Option "_source" "server/udev"
[    26.883] (II) event5  - Intel HID events: is tagged by udev as: Keyboard
[    26.883] (II) event5  - Intel HID events: device is a keyboard
[    26.884] (II) event5  - Intel HID events: device removed
[    26.884] (**) Option "config_info" "udev:/sys/devices/platform/INT33D5:00/input/input6/event5"
[    26.884] (II) XINPUT: Adding extended input device "Intel HID events" (type: KEYBOARD, id 14)
[    26.884] (**) Option "xkb_layout" "us,ru"
[    26.884] (**) Option "xkb_options" "grp:ctrl_shift_toggle"
[    26.886] (II) event5  - Intel HID events: is tagged by udev as: Keyboard
[    26.886] (II) event5  - Intel HID events: device is a keyboard
[    26.887] (II) config/udev: Adding input device Intel HID 5 button array (/dev/input/event6)
[    26.887] (**) Intel HID 5 button array: Applying InputClass "libinput keyboard catchall"
[    26.887] (**) Intel HID 5 button array: Applying InputClass "system-keyboard"
[    26.887] (II) Using input driver 'libinput' for 'Intel HID 5 button array'
[    26.888] (II) systemd-logind: got fd for /dev/input/event6 13:70 fd 28 paused 0
[    26.888] (**) Intel HID 5 button array: always reports core events
[    26.888] (**) Option "Device" "/dev/input/event6"
[    26.888] (**) Option "_source" "server/udev"
[    26.889] (II) event6  - Intel HID 5 button array: is tagged by udev as: Keyboard
[    26.890] (II) event6  - Intel HID 5 button array: device is a keyboard
[    26.890] (II) event6  - Intel HID 5 button array: device removed
[    26.890] (**) Option "config_info" "udev:/sys/devices/platform/INT33D5:00/input/input7/event6"
[    26.890] (II) XINPUT: Adding extended input device "Intel HID 5 button array" (type: KEYBOARD, id 15)
[    26.890] (**) Option "xkb_layout" "us,ru"
[    26.890] (**) Option "xkb_options" "grp:ctrl_shift_toggle"
[    26.892] (II) event6  - Intel HID 5 button array: is tagged by udev as: Keyboard
[    26.892] (II) event6  - Intel HID 5 button array: device is a keyboard
[    26.893] (II) config/udev: Adding input device Dell WMI hotkeys (/dev/input/event11)
[    26.893] (**) Dell WMI hotkeys: Applying InputClass "libinput keyboard catchall"
[    26.893] (**) Dell WMI hotkeys: Applying InputClass "system-keyboard"
[    26.893] (II) Using input driver 'libinput' for 'Dell WMI hotkeys'
[    26.894] (II) systemd-logind: got fd for /dev/input/event11 13:75 fd 29 paused 0
[    26.894] (**) Dell WMI hotkeys: always reports core events
[    26.894] (**) Option "Device" "/dev/input/event11"
[    26.894] (**) Option "_source" "server/udev"
[    26.896] (II) event11 - Dell WMI hotkeys: is tagged by udev as: Keyboard
[    26.896] (II) event11 - Dell WMI hotkeys: device is a keyboard
[    26.896] (II) event11 - Dell WMI hotkeys: device removed
[    26.897] (**) Option "config_info" "udev:/sys/devices/platform/PNP0C14:04/wmi_bus/wmi_bus-PNP0C14:04/9DBB5994-A997-11DA-B012-B622A1EF5492/input/input13/event11"
[    26.897] (II) XINPUT: Adding extended input device "Dell WMI hotkeys" (type: KEYBOARD, id 16)
[    26.897] (**) Option "xkb_layout" "us,ru"
[    26.897] (**) Option "xkb_options" "grp:ctrl_shift_toggle"
[    26.899] (II) event11 - Dell WMI hotkeys: is tagged by udev as: Keyboard
[    26.899] (II) event11 - Dell WMI hotkeys: device is a keyboard
[    26.900] (II) config/udev: Adding input device AT Translated Set 2 keyboard (/dev/input/event3)
[    26.900] (**) AT Translated Set 2 keyboard: Applying InputClass "libinput keyboard catchall"
[    26.900] (**) AT Translated Set 2 keyboard: Applying InputClass "system-keyboard"
[    26.900] (II) Using input driver 'libinput' for 'AT Translated Set 2 keyboard'
[    26.901] (II) systemd-logind: got fd for /dev/input/event3 13:67 fd 30 paused 0
[    26.901] (**) AT Translated Set 2 keyboard: always reports core events
[    26.901] (**) Option "Device" "/dev/input/event3"
[    26.901] (**) Option "_source" "server/udev"
[    26.903] (II) event3  - AT Translated Set 2 keyboard: is tagged by udev as: Keyboard
[    26.903] (II) event3  - AT Translated Set 2 keyboard: device is a keyboard
[    26.905] (II) event3  - AT Translated Set 2 keyboard: device removed
[    26.905] (**) Option "config_info" "udev:/sys/devices/platform/i8042/serio0/input/input3/event3"
[    26.905] (II) XINPUT: Adding extended input device "AT Translated Set 2 keyboard" (type: KEYBOARD, id 17)
[    26.905] (**) Option "xkb_layout" "us,ru"
[    26.905] (**) Option "xkb_options" "grp:ctrl_shift_toggle"
[    26.907] (II) event3  - AT Translated Set 2 keyboard: is tagged by udev as: Keyboard
[    26.907] (II) event3  - AT Translated Set 2 keyboard: device is a keyboard
[    26.910] (II) config/udev: Adding input device SynPS/2 Synaptics TouchPad (/dev/input/event4)
[    26.910] (**) SynPS/2 Synaptics TouchPad: Applying InputClass "libinput touchpad catchall"
[    26.910] (**) SynPS/2 Synaptics TouchPad: Applying InputClass "touchpad"
[    26.910] (II) Using input driver 'libinput' for 'SynPS/2 Synaptics TouchPad'
[    26.911] (II) systemd-logind: got fd for /dev/input/event4 13:68 fd 31 paused 0
[    26.911] (**) SynPS/2 Synaptics TouchPad: always reports core events
[    26.911] (**) Option "Device" "/dev/input/event4"
[    26.911] (**) Option "_source" "server/udev"
[    26.913] (II) event4  - SynPS/2 Synaptics TouchPad: is tagged by udev as: Touchpad
[    26.914] (II) event4  - SynPS/2 Synaptics TouchPad: no resolution or size hints, assuming a size of 69x50mm
[    26.916] (II) event4  - SynPS/2 Synaptics TouchPad: device is a touchpad
[    26.916] (II) event4  - SynPS/2 Synaptics TouchPad: device removed
[    26.916] (**) Option "Tapping" "on"
[    26.916] (**) Option "TappingButtonMap" "lrm"
[    26.916] (**) Option "AccelProfile" "adaptive"
[    26.917] (**) Option "config_info" "udev:/sys/devices/platform/i8042/serio1/input/input5/event4"
[    26.917] (II) XINPUT: Adding extended input device "SynPS/2 Synaptics TouchPad" (type: TOUCHPAD, id 18)
[    26.919] (**) Option "AccelerationScheme" "none"
[    26.919] (**) SynPS/2 Synaptics TouchPad: (accel) selected scheme none/0
[    26.919] (**) SynPS/2 Synaptics TouchPad: (accel) acceleration factor: 2.000
[    26.919] (**) SynPS/2 Synaptics TouchPad: (accel) acceleration threshold: 4
[    26.921] (II) event4  - SynPS/2 Synaptics TouchPad: is tagged by udev as: Touchpad
[    26.921] (II) event4  - SynPS/2 Synaptics TouchPad: no resolution or size hints, assuming a size of 69x50mm
[    26.924] (II) event4  - SynPS/2 Synaptics TouchPad: device is a touchpad
[    26.925] (II) config/udev: Adding input device SynPS/2 Synaptics TouchPad (/dev/input/mouse0)
[    26.925] (**) SynPS/2 Synaptics TouchPad: Applying InputClass "touchpad"
[    26.925] (II) Using input driver 'libinput' for 'SynPS/2 Synaptics TouchPad'
[    26.925] (**) SynPS/2 Synaptics TouchPad: always reports core events
[    26.925] (**) Option "Device" "/dev/input/mouse0"
[    26.925] (**) Option "_source" "server/udev"
[    26.925] (EE) xf86OpenSerial: Cannot open device /dev/input/mouse0
	Permission denied.
[    26.925] (II) mouse0: opening input device '/dev/input/mouse0' failed (Permission denied).
[    26.925] (II) mouse0  - failed to create input device '/dev/input/mouse0'.
[    26.925] (EE) libinput: SynPS/2 Synaptics TouchPad: Failed to create a device for /dev/input/mouse0
[    26.925] (EE) PreInit returned 2 for "SynPS/2 Synaptics TouchPad"
[    26.925] (II) UnloadModule: "libinput"
[    26.950] (**) Logitech M185: Applying InputClass "libinput pointer catchall"
[    26.950] (**) Logitech M185: Applying InputClass "libinput keyboard catchall"
[    26.950] (**) Logitech M185: Applying InputClass "system-keyboard"
[    26.950] (II) Using input driver 'libinput' for 'Logitech M185'
[    26.950] (II) systemd-logind: returning pre-existing fd for /dev/input/event19 13:83
[    26.950] (**) Logitech M185: always reports core events
[    26.950] (**) Option "Device" "/dev/input/event19"
[    26.950] (**) Option "_source" "_driver/libinput"
[    26.950] (II) libinput: Logitech M185: is a virtual subdevice
[    26.950] (**) Option "config_info" "udev:/sys/devices/pci0000:00/0000:00:14.0/usb1/1-3/1-3:1.1/0003:046D:C52F.0003/0003:046D:4008.0004/input/input33/event19"
[    26.950] (II) XINPUT: Adding extended input device "Logitech M185" (type: KEYBOARD, id 19)
[    26.950] (**) Option "xkb_layout" "us,ru"
[    26.950] (**) Option "xkb_options" "grp:ctrl_shift_toggle"
[    27.149] (II) intel(0): EDID vendor "LGD", prod id 1483
[    27.149] (II) intel(0): Printing DDC gathered Modelines:
[    27.149] (II) intel(0): Modeline "1920x1080"x0.0  138.70  1920 1968 2000 2080  1080 1083 1088 1111 -hsync -vsync (66.7 kHz eP)
[    27.149] (II) intel(0): Modeline "1920x1080"x0.0  110.96  1920 1968 2000 2080  1080 1083 1088 1111 -hsync -vsync (53.3 kHz e)
[   210.597] (EE) event17 - DELL08A7:00 06CB:CCA6 Touchpad: kernel bug: Touch jump detected and discarded.
See https://wayland.freedesktop.org/libinput/doc/1.16.4/touchpad-jumping-cursors.html for details
[  2091.069] (EE) event17 - DELL08A7:00 06CB:CCA6 Touchpad: kernel bug: Touch jump detected and discarded.
See https://wayland.freedesktop.org/libinput/doc/1.16.4/touchpad-jumping-cursors.html for details
[  2125.303] (EE) event17 - DELL08A7:00 06CB:CCA6 Touchpad: kernel bug: Touch jump detected and discarded.
See https://wayland.freedesktop.org/libinput/doc/1.16.4/touchpad-jumping-cursors.html for details
[  2732.868] (EE) event17 - DELL08A7:00 06CB:CCA6 Touchpad: kernel bug: Touch jump detected and discarded.
See https://wayland.freedesktop.org/libinput/doc/1.16.4/touchpad-jumping-cursors.html for details
[  8149.813] (EE) event17 - DELL08A7:00 06CB:CCA6 Touchpad: kernel bug: Touch jump detected and discarded.
See https://wayland.freedesktop.org/libinput/doc/1.16.4/touchpad-jumping-cursors.html for details
[  8169.130] (EE) client bug: timer event17 tap: scheduled expiry is in the past (-433ms), your system is too slow
[  8177.815] (II) config/udev: removing device SynPS/2 Synaptics TouchPad
[  8177.815] (**) Option "fd" "31"
[  8177.815] (II) event4  - SynPS/2 Synaptics TouchPad: device removed
[  8177.815] (II) UnloadModule: "libinput"
[  8177.815] (II) systemd-logind: releasing fd for 13:68
[  8607.197] (EE) event17 - DELL08A7:00 06CB:CCA6 Touchpad: kernel bug: Touch jump detected and discarded.
See https://wayland.freedesktop.org/libinput/doc/1.16.4/touchpad-jumping-cursors.html for details
[ 10349.711] (EE) event17 - DELL08A7:00 06CB:CCA6 Touchpad: kernel bug: Touch jump detected and discarded.
See https://wayland.freedesktop.org/libinput/doc/1.16.4/touchpad-jumping-cursors.html for details
[ 12653.627] (EE) event17 - DELL08A7:00 06CB:CCA6 Touchpad: kernel bug: Touch jump detected and discarded.
See https://wayland.freedesktop.org/libinput/doc/1.16.4/touchpad-jumping-cursors.html for details
[ 13228.064] (EE) event17 - DELL08A7:00 06CB:CCA6 Touchpad: kernel bug: Touch jump detected and discarded.
See https://wayland.freedesktop.org/libinput/doc/1.16.4/touchpad-jumping-cursors.html for details
[ 13228.064] (EE) event17 - DELL08A7:00 06CB:CCA6 Touchpad: WARNING: log rate limit exceeded (5 msgs per 2h). Discarding future messages.
